Running: /usr/local/insa/Xilinx.ISE/13.4/ISE_DS/ISE/bin/lin64/unwrapped/fuse -relaunch -intstyle "ise" -incremental -lib "unisims_ver" -lib "unimacro_ver" -lib "xilinxcorelib_ver" -lib "secureip" -o "/home/adgonzal/Bureau/b2497/PROCESSOR_test_isim_beh.exe" -prj "/home/adgonzal/Bureau/b2497/PROCESSOR_test_beh.prj" "work.PROCESSOR_test" "work.glbl" 
ISim O.87xd (signature 0x8ddf5b5d)
Number of CPUs detected in this system: 8
Turning on mult-threading, number of parallel sub-compilation jobs: 16 
Determining compilation order of HDL files
Analyzing Verilog file "/home/adgonzal/Bureau/b2497/bram32.v" into library work
WARNING:HDLCompiler:693 - "/home/adgonzal/Bureau/b2497/bram32.v" Line 17: Parameter declaration becomes local in bram32 with formal parameter declaration list
WARNING:HDLCompiler:693 - "/home/adgonzal/Bureau/b2497/bram32.v" Line 18: Parameter declaration becomes local in bram32 with formal parameter declaration list
Analyzing Verilog file "/home/adgonzal/Bureau/b2497/bram16.v" into library work
WARNING:HDLCompiler:693 - "/home/adgonzal/Bureau/b2497/bram16.v" Line 17: Parameter declaration becomes local in bram16 with formal parameter declaration list
WARNING:HDLCompiler:693 - "/home/adgonzal/Bureau/b2497/bram16.v" Line 18: Parameter declaration becomes local in bram16 with formal parameter declaration list
Analyzing Verilog file "/usr/local/insa/Xilinx.ISE/13.4/ISE_DS/ISE//verilog/src/glbl.v" into library work
Parsing VHDL file "/home/adgonzal/Bureau/b2497/UAL.vhd" into library work
Parsing VHDL file "/home/adgonzal/Bureau/b2497/PIPE.vhd" into library work
Parsing VHDL file "/home/adgonzal/Bureau/b2497/DECOD.vhd" into library work
Parsing VHDL file "/home/adgonzal/Bureau/b2497/BANC.vhd" into library work
Parsing VHDL file "/home/adgonzal/Bureau/b2497/PROCESSOR.vhd" into library work
Parsing VHDL file "/home/adgonzal/Bureau/b2497/PROCESSOR_test.vhd" into library work
Starting static elaboration
Completed static elaboration
Fuse Memory Usage: 98144 KB
Fuse CPU Usage: 990 ms
Compiling module glbl
Compiling module bram16("none",11)
Compiling module bram32("instrstrload",11)
Compiling package standard
Compiling package std_logic_1164
Compiling package std_logic_arith
Compiling package std_logic_unsigned
Compiling package numeric_std
Compiling package vl_types
Compiling architecture behavioral of entity PIPE [pipe_default]
Compiling architecture behavioral of entity BANC [banc_default]
Compiling architecture behavioral of entity UAL [ual_default]
Compiling architecture behavioral of entity DECOD [decod_default]
Compiling architecture behavioral of entity PROCESSOR [processor_default]
Compiling architecture behavior of entity processor_test
Time Resolution for simulation is 1ps.
Waiting for 1 sub-compilation(s) to finish...
Compiled 17 VHDL Units
Compiled 3 Verilog Units
Built simulation executable /home/adgonzal/Bureau/b2497/PROCESSOR_test_isim_beh.exe
Fuse Memory Usage: 1203480 KB
Fuse CPU Usage: 1180 ms
GCC CPU Usage: 100 ms
